<?xml version="1.0" encoding="UTF-8"?>
<!-- Generated by org.testng.reporters.JUnitReportReporter -->
<testsuite hostname="DESKTOP-FVDUEQR" name="tests.NewTest" tests="1" failures="0" timestamp="3 May 2019 07:59:06 GMT" time="0.052" errors="0">
  <testcase name="newTest" time="0.052" classname="tests.NewTest"/>
</testsuite> <!-- tests.NewTest -->
