<?xml version="1.0" encoding="UTF-8"?>
<!-- Generated by org.testng.reporters.JUnitReportReporter -->
<testsuite hostname="DESKTOP-FVDUEQR" name="tests.DemoTest" tests="1" failures="0" timestamp="3 May 2019 09:36:06 GMT" time="0.016" errors="0">
  <testcase name="newTest" time="0.016" classname="tests.DemoTest"/>
</testsuite> <!-- tests.DemoTest -->
